This is pdfTeX, Version 3.141592653-2.6-1.40.25 (TeX Live 2023/Debian) (preloaded format=pdflatex 2025.8.9)  12 AUG 2025 14:38
entering extended mode
 restricted \write18 enabled.
 %&-line parsing enabled.
**main_CISE.tex
(./main_CISE.tex
LaTeX2e <2023-11-01> patch level 1
L3 programming layer <2024-01-22>
(/usr/share/texlive/texmf-dist/tex/latex/base/article.cls
Document Class: article 2023/05/17 v1.4n Standard LaTeX document class
(/usr/share/texlive/texmf-dist/tex/latex/base/size12.clo
File: size12.clo 2023/05/17 v1.4n Standard LaTeX file (size option)
)
\c@part=\count187
\c@section=\count188
\c@subsection=\count189
\c@subsubsection=\count190
\c@paragraph=\count191
\c@subparagraph=\count192
\c@figure=\count193
\c@table=\count194
\abovecaptionskip=\skip48
\belowcaptionskip=\skip49
\bibindent=\dimen140
)
(/usr/share/texlive/texmf-dist/tex/latex/geometry/geometry.sty
Package: geometry 2020/01/02 v5.9 Page Geometry

(/usr/share/texlive/texmf-dist/tex/latex/graphics/keyval.sty
Package: keyval 2022/05/29 v1.15 key=value parser (DPC)
\KV@toks@=\toks17
)
(/usr/share/texlive/texmf-dist/tex/generic/iftex/ifvtex.sty
Package: ifvtex 2019/10/25 v1.7 ifvtex legacy package. Use iftex instead.

(/usr/share/texlive/texmf-dist/tex/generic/iftex/iftex.sty
Package: iftex 2022/02/03 v1.0f TeX engine tests
))
\Gm@cnth=\count195
\Gm@cntv=\count196
\c@Gm@tempcnt=\count197
\Gm@bindingoffset=\dimen141
\Gm@wd@mp=\dimen142
\Gm@odd@mp=\dimen143
\Gm@even@mp=\dimen144
\Gm@layoutwidth=\dimen145
\Gm@layoutheight=\dimen146
\Gm@layouthoffset=\dimen147
\Gm@layoutvoffset=\dimen148
\Gm@dimlist=\toks18
)
(/usr/share/texlive/texmf-dist/tex/latex/amsmath/amsmath.sty
Package: amsmath 2023/05/13 v2.17o AMS math features
\@mathmargin=\skip50

For additional information on amsmath, use the `?' option.
(/usr/share/texlive/texmf-dist/tex/latex/amsmath/amstext.sty
Package: amstext 2021/08/26 v2.01 AMS text

(/usr/share/texlive/texmf-dist/tex/latex/amsmath/amsgen.sty
File: amsgen.sty 1999/11/30 v2.0 generic functions
\@emptytoks=\toks19
\ex@=\dimen149
))
(/usr/share/texlive/texmf-dist/tex/latex/amsmath/amsbsy.sty
Package: amsbsy 1999/11/29 v1.2d Bold Symbols
\pmbraise@=\dimen150
)
(/usr/share/texlive/texmf-dist/tex/latex/amsmath/amsopn.sty
Package: amsopn 2022/04/08 v2.04 operator names
)
\inf@bad=\count198
LaTeX Info: Redefining \frac on input line 234.
\uproot@=\count199
\leftroot@=\count266
LaTeX Info: Redefining \overline on input line 399.
LaTeX Info: Redefining \colon on input line 410.
\classnum@=\count267
\DOTSCASE@=\count268
LaTeX Info: Redefining \ldots on input line 496.
LaTeX Info: Redefining \dots on input line 499.
LaTeX Info: Redefining \cdots on input line 620.
\Mathstrutbox@=\box51
\strutbox@=\box52
LaTeX Info: Redefining \big on input line 722.
LaTeX Info: Redefining \Big on input line 723.
LaTeX Info: Redefining \bigg on input line 724.
LaTeX Info: Redefining \Bigg on input line 725.
\big@size=\dimen151
LaTeX Font Info:    Redeclaring font encoding OML on input line 743.
LaTeX Font Info:    Redeclaring font encoding OMS on input line 744.
\macc@depth=\count269
LaTeX Info: Redefining \bmod on input line 905.
LaTeX Info: Redefining \pmod on input line 910.
LaTeX Info: Redefining \smash on input line 940.
LaTeX Info: Redefining \relbar on input line 970.
LaTeX Info: Redefining \Relbar on input line 971.
\c@MaxMatrixCols=\count270
\dotsspace@=\muskip16
\c@parentequation=\count271
\dspbrk@lvl=\count272
\tag@help=\toks20
\row@=\count273
\column@=\count274
\maxfields@=\count275
\andhelp@=\toks21
\eqnshift@=\dimen152
\alignsep@=\dimen153
\tagshift@=\dimen154
\tagwidth@=\dimen155
\totwidth@=\dimen156
\lineht@=\dimen157
\@envbody=\toks22
\multlinegap=\skip51
\multlinetaggap=\skip52
\mathdisplay@stack=\toks23
LaTeX Info: Redefining \[ on input line 2953.
LaTeX Info: Redefining \] on input line 2954.
)
(/usr/share/texlive/texmf-dist/tex/latex/amsfonts/amsfonts.sty
Package: amsfonts 2013/01/14 v3.01 Basic AMSFonts support
\symAMSa=\mathgroup4
\symAMSb=\mathgroup5
LaTeX Font Info:    Redeclaring math symbol \hbar on input line 98.
LaTeX Font Info:    Overwriting math alphabet `\mathfrak' in version `bold'
(Font)                  U/euf/m/n --> U/euf/b/n on input line 106.
)
(/usr/share/texlive/texmf-dist/tex/latex/amsfonts/amssymb.sty
Package: amssymb 2013/01/14 v3.01 AMS font symbols
)
(/usr/share/texlive/texmf-dist/tex/latex/graphics/graphicx.sty
Package: graphicx 2021/09/16 v1.2d Enhanced LaTeX Graphics (DPC,SPQR)

(/usr/share/texlive/texmf-dist/tex/latex/graphics/graphics.sty
Package: graphics 2022/03/10 v1.4e Standard LaTeX Graphics (DPC,SPQR)

(/usr/share/texlive/texmf-dist/tex/latex/graphics/trig.sty
Package: trig 2021/08/11 v1.11 sin cos tan (DPC)
)
(/usr/share/texlive/texmf-dist/tex/latex/graphics-cfg/graphics.cfg
File: graphics.cfg 2016/06/04 v1.11 sample graphics configuration
)
Package graphics Info: Driver file: pdftex.def on input line 107.

(/usr/share/texlive/texmf-dist/tex/latex/graphics-def/pdftex.def
File: pdftex.def 2022/09/22 v1.2b Graphics/color driver for pdftex
))
\Gin@req@height=\dimen158
\Gin@req@width=\dimen159
)
(/usr/share/texlive/texmf-dist/tex/latex/cite/cite.sty
LaTeX Info: Redefining \cite on input line 302.
LaTeX Info: Redefining \nocite on input line 332.
Package: cite 2015/02/27  v 5.5
)
(/usr/share/texlive/texmf-dist/tex/latex/url/url.sty
\Urlmuskip=\muskip17
Package: url 2013/09/16  ver 3.4  Verb mode for urls, etc.
)
(/usr/share/texlive/texmf-dist/tex/latex/setspace/setspace.sty
Package: setspace 2022/12/04 v6.7b set line spacing
)
(/usr/share/texlive/texmf-dist/tex/latex/fancyhdr/fancyhdr.sty
Package: fancyhdr 2022/11/09 v4.1 Extensive control of page headers and footers

\f@nch@headwidth=\skip53
\f@nch@O@elh=\skip54
\f@nch@O@erh=\skip55
\f@nch@O@olh=\skip56
\f@nch@O@orh=\skip57
\f@nch@O@elf=\skip58
\f@nch@O@erf=\skip59
\f@nch@O@olf=\skip60
\f@nch@O@orf=\skip61
)
(/usr/share/texlive/texmf-dist/tex/latex/titlesec/titlesec.sty
Package: titlesec 2023/10/27 v2.16 Sectioning titles
\ttl@box=\box53
\beforetitleunit=\skip62
\aftertitleunit=\skip63
\ttl@plus=\dimen160
\ttl@minus=\dimen161
\ttl@toksa=\toks24
\titlewidth=\dimen162
\titlewidthlast=\dimen163
\titlewidthfirst=\dimen164
)
(/usr/share/texlive/texmf-dist/tex/latex/enumitem/enumitem.sty
Package: enumitem 2019/06/20 v3.9 Customized lists
\labelindent=\skip64
\enit@outerparindent=\dimen165
\enit@toks=\toks25
\enit@inbox=\box54
\enit@count@id=\count276
\enitdp@description=\count277
)
(/usr/share/texlive/texmf-dist/tex/latex/float/float.sty
Package: float 2001/11/08 v1.3d Float enhancements (AL)
\c@float@type=\count278
\float@exts=\toks26
\float@box=\box55
\@float@everytoks=\toks27
\@floatcapt=\box56
)
(/usr/share/texlive/texmf-dist/tex/latex/xcolor/xcolor.sty
Package: xcolor 2023/11/15 v3.01 LaTeX color extensions (UK)

(/usr/share/texlive/texmf-dist/tex/latex/graphics-cfg/color.cfg
File: color.cfg 2016/01/02 v1.6 sample color configuration
)
Package xcolor Info: Driver file: pdftex.def on input line 274.

(/usr/share/texlive/texmf-dist/tex/latex/graphics/mathcolor.ltx)
Package xcolor Info: Model `cmy' substituted by `cmy0' on input line 1350.
Package xcolor Info: Model `hsb' substituted by `rgb' on input line 1354.
Package xcolor Info: Model `RGB' extended on input line 1366.
Package xcolor Info: Model `HTML' substituted by `rgb' on input line 1368.
Package xcolor Info: Model `Hsb' substituted by `hsb' on input line 1369.
Package xcolor Info: Model `tHsb' substituted by `hsb' on input line 1370.
Package xcolor Info: Model `HSB' substituted by `hsb' on input line 1371.
Package xcolor Info: Model `Gray' substituted by `gray' on input line 1372.
Package xcolor Info: Model `wave' substituted by `hsb' on input line 1373.
)
(/usr/share/texlive/texmf-dist/tex/latex/l3backend/l3backend-pdftex.def
File: l3backend-pdftex.def 2024-01-04 L3 backend support: PDF output (pdfTeX)
\l__color_backend_stack_int=\count279
\l__pdf_internal_box=\box57
)
(./main_CISE.aux)
\openout1 = `main_CISE.aux'.

LaTeX Font Info:    Checking defaults for OML/cmm/m/it on input line 26.
LaTeX Font Info:    ... okay on input line 26.
LaTeX Font Info:    Checking defaults for OMS/cmsy/m/n on input line 26.
LaTeX Font Info:    ... okay on input line 26.
LaTeX Font Info:    Checking defaults for OT1/cmr/m/n on input line 26.
LaTeX Font Info:    ... okay on input line 26.
LaTeX Font Info:    Checking defaults for T1/cmr/m/n on input line 26.
LaTeX Font Info:    ... okay on input line 26.
LaTeX Font Info:    Checking defaults for TS1/cmr/m/n on input line 26.
LaTeX Font Info:    ... okay on input line 26.
LaTeX Font Info:    Checking defaults for OMX/cmex/m/n on input line 26.
LaTeX Font Info:    ... okay on input line 26.
LaTeX Font Info:    Checking defaults for U/cmr/m/n on input line 26.
LaTeX Font Info:    ... okay on input line 26.

*geometry* driver: auto-detecting
*geometry* detected driver: pdftex
*geometry* verbose mode - [ preamble ] result:
* driver: pdftex
* paper: <default>
* layout: <same size as paper>
* layoutoffset:(h,v)=(0.0pt,0.0pt)
* modes: 
* h-part:(L,W,R)=(72.26999pt, 469.75502pt, 72.26999pt)
* v-part:(T,H,B)=(72.26999pt, 650.43001pt, 72.26999pt)
* \paperwidth=614.295pt
* \paperheight=794.96999pt
* \textwidth=469.75502pt
* \textheight=650.43001pt
* \oddsidemargin=0.0pt
* \evensidemargin=0.0pt
* \topmargin=-37.0pt
* \headheight=12.0pt
* \headsep=25.0pt
* \topskip=12.0pt
* \footskip=30.0pt
* \marginparwidth=44.0pt
* \marginparsep=10.0pt
* \columnsep=10.0pt
* \skip\footins=10.8pt plus 4.0pt minus 2.0pt
* \hoffset=0.0pt
* \voffset=0.0pt
* \mag=1000
* \@twocolumnfalse
* \@twosidefalse
* \@mparswitchfalse
* \@reversemarginfalse
* (1in=72.27pt=25.4mm, 1cm=28.453pt)

(/usr/share/texlive/texmf-dist/tex/context/base/mkii/supp-pdf.mkii
[Loading MPS to PDF converter (version 2006.09.02).]
\scratchcounter=\count280
\scratchdimen=\dimen166
\scratchbox=\box58
\nofMPsegments=\count281
\nofMParguments=\count282
\everyMPshowfont=\toks28
\MPscratchCnt=\count283
\MPscratchDim=\dimen167
\MPnumerator=\count284
\makeMPintoPDFobject=\count285
\everyMPtoPDFconversion=\toks29
) (/usr/share/texlive/texmf-dist/tex/latex/epstopdf-pkg/epstopdf-base.sty
Package: epstopdf-base 2020-01-24 v2.11 Base part for package epstopdf
Package epstopdf-base Info: Redefining graphics rule for `.eps' on input line 4
85.

(/usr/share/texlive/texmf-dist/tex/latex/latexconfig/epstopdf-sys.cfg
File: epstopdf-sys.cfg 2010/07/13 v1.3 Configuration of (r)epstopdf for TeX Liv
e
))
LaTeX Font Info:    Trying to load font information for U+msa on input line 37.


(/usr/share/texlive/texmf-dist/tex/latex/amsfonts/umsa.fd
File: umsa.fd 2013/01/14 v3.01 AMS symbols A
)
LaTeX Font Info:    Trying to load font information for U+msb on input line 37.


(/usr/share/texlive/texmf-dist/tex/latex/amsfonts/umsb.fd
File: umsb.fd 2013/01/14 v3.01 AMS symbols B
)
Overfull \hbox (9.44417pt too wide) in paragraph at lines 43--44
[]\OT1/cmr/m/n/12 This project de-vel-ops a vendor-agnostic bump-in-the-wire co
n-troller that in-te-grates physics-
 []

[1

{/var/lib/texmf/fonts/map/pdftex/updmap/pdftex.map}{/usr/share/texmf/fonts/enc/
dvips/cm-super/cm-super-ts1.enc}]
<figure3_system_architecture.pdf, id=9, 1114.97633pt x 550.69742pt>
File: figure3_system_architecture.pdf Graphic file (type pdf)
<use figure3_system_architecture.pdf>
Package pdftex.def Info: figure3_system_architecture.pdf  used on input line 53
.
(pdftex.def)             Requested size: 399.29463pt x 197.20895pt.
 [2] [3 <./figure3_system_architecture.pdf>] [4] [5] [6] [7] [8] [9] [10]
Overfull \hbox (8.46501pt too wide) in paragraph at lines 160--161
[]\OT1/cmr/m/n/12 This eco-nomic trans-for-ma-tion cre-ates un-prece-dented op-
por-tu-ni-ties for resource-constrained
 []

[11] [12]
Overfull \hbox (6.00975pt too wide) in paragraph at lines 202--202
[]\OT1/cmr/bx/n/6 Quarter| 
 []


Underfull \hbox (badness 10000) in paragraph at lines 202--202
[]\OT1/cmr/bx/n/6 Acceptance
 []


Underfull \hbox (badness 10000) in paragraph at lines 202--202
[]\OT1/cmr/bx/n/6 Success
 []


Underfull \hbox (badness 10000) in paragraph at lines 202--203
[]\OT1/cmr/bx/n/6 Contingency
 []


Underfull \hbox (badness 10000) in paragraph at lines 204--204
[]\OT1/cmr/m/n/6 PINODE Im-
 []


Underfull \hbox (badness 10000) in paragraph at lines 204--204
[]\OT1/cmr/m/n/6 TRL 4 $\OMS/cmsy/m/n/6 !$
 []


Underfull \hbox (badness 1852) in paragraph at lines 204--204
[]$\OMS/cmsy/m/n/6 ^^U$\OT1/cmr/m/n/6 95% ac-
 []


Underfull \hbox (badness 7099) in paragraph at lines 204--204
[]\OT1/cmr/bx/n/6 PI: \OT1/cmr/m/n/6 Al-go-rithm de-
 []


Underfull \hbox (badness 10000) in paragraph at lines 204--204
\OT1/cmr/m/n/6 sign, val-i-da-tion;
 []


Underfull \hbox (badness 7558) in paragraph at lines 204--204
\OT1/cmr/bx/n/6 UG1: \OT1/cmr/m/n/6 Data pre-
 []


Underfull \hbox (badness 10000) in paragraph at lines 204--204
\OT1/cmr/m/n/6 pro-cess-ing; \OT1/cmr/bx/n/6 UG2:
 []


Underfull \hbox (badness 10000) in paragraph at lines 206--206
[]\OT1/cmr/m/n/6 4/4 in-
 []


Underfull \hbox (badness 10000) in paragraph at lines 206--206
\OT1/cmr/m/n/6 verter
 []


Underfull \hbox (badness 10000) in paragraph at lines 206--206
[]\OT1/cmr/bx/n/6 PI: \OT1/cmr/m/n/6 Op-ti-miza-tion
 []


Underfull \hbox (badness 4378) in paragraph at lines 206--206
\OT1/cmr/m/n/6 fil-ing tools; \OT1/cmr/bx/n/6 UG2:
 []


Underfull \hbox (badness 10000) in paragraph at lines 206--206
\OT1/cmr/m/n/6 Hard-ware test-ing;
 []


Underfull \hbox (badness 1472) in paragraph at lines 206--206
\OT1/cmr/bx/n/6 UG3: \OT1/cmr/m/n/6 Per-for-mance
 []


Underfull \hbox (badness 10000) in paragraph at lines 206--207
[]\OT1/cmr/m/n/6 Reduce fea-tures
 []


Underfull \hbox (badness 10000) in paragraph at lines 208--208
[]\OT1/cmr/m/n/6 Multi-Agent
 []


Underfull \hbox (badness 10000) in paragraph at lines 208--208
[]\OT1/cmr/m/n/6 Consensus
 []


Underfull \hbox (badness 10000) in paragraph at lines 208--208
\OT1/cmr/m/n/6 con-ver-gence
 []


Underfull \hbox (badness 10000) in paragraph at lines 208--208
[]$\OML/cmm/m/it/6 <$\OT1/cmr/m/n/6 0.01
 []


Underfull \hbox (badness 10000) in paragraph at lines 208--208
\OT1/cmr/m/n/6 resid-ual
 []


Underfull \hbox (badness 10000) in paragraph at lines 208--208
[]\OT1/cmr/bx/n/6 PI: \OT1/cmr/m/n/6 Math-e-mat-i-cal
 []


Underfull \hbox (badness 10000) in paragraph at lines 208--208
\OT1/cmr/m/n/6 u-la-tion frame-work;
 []


Underfull \hbox (badness 10000) in paragraph at lines 208--208
\OT1/cmr/bx/n/6 UG2: \OT1/cmr/m/n/6 Con-sen-sus
 []


Underfull \hbox (badness 10000) in paragraph at lines 208--208
\OT1/cmr/m/n/6 al-go-rithms; \OT1/cmr/bx/n/6 UG3:
 []


Underfull \hbox (badness 6032) in paragraph at lines 208--209
[]\OT1/cmr/m/n/6 Implement hi-er-ar-
 []


Underfull \hbox (badness 10000) in paragraph at lines 208--209
\OT1/cmr/m/n/6 chi-cal de-com-po-si-
 []


Underfull \hbox (badness 2865) in paragraph at lines 210--210
[]\OT1/cmr/bx/n/6 M1: MARL
 []


Underfull \hbox (badness 10000) in paragraph at lines 210--210
[]$\OMS/cmsy/m/n/6 ^^U$\OT1/cmr/m/n/6 15% im-
 []


Underfull \hbox (badness 1917) in paragraph at lines 210--210
\OT1/cmr/m/n/6 prove-ment 3
 []


Underfull \hbox (badness 10000) in paragraph at lines 210--210
[]\OT1/cmr/m/n/6 3/3
 []


Underfull \hbox (badness 10000) in paragraph at lines 210--210
\OT1/cmr/m/n/6 archetype
 []


Underfull \hbox (badness 10000) in paragraph at lines 210--210
[]\OT1/cmr/bx/n/6 PI: \OT1/cmr/m/n/6 MARL ar-
 []


Underfull \hbox (badness 10000) in paragraph at lines 210--210
\OT1/cmr/m/n/6 chi-tec-ture; \OT1/cmr/bx/n/6 UG1:
 []


Underfull \hbox (badness 10000) in paragraph at lines 210--210
\OT1/cmr/m/n/6 Cam-pus archetype;
 []


Underfull \hbox (badness 10000) in paragraph at lines 210--210
\OT1/cmr/bx/n/6 UG2: \OT1/cmr/m/n/6 In-dus-trial
 []


Underfull \hbox (badness 10000) in paragraph at lines 210--210
\OT1/cmr/m/n/6 archetype; \OT1/cmr/bx/n/6 UG3:
 []


Underfull \hbox (badness 10000) in paragraph at lines 210--211
[]\OT1/cmr/m/n/6 Model reg-u-lar-izer
 []


Underfull \hbox (badness 10000) in paragraph at lines 210--211
\OML/cmm/m/it/6 R\OT1/cmr/m/n/6 (\OML/cmm/m/it/6 x\OT1/cmr/m/n/6 )$ + ex-tend
 []


Underfull \hbox (badness 10000) in paragraph at lines 212--212
[]\OT1/cmr/bx/n/6 M3: De-lay
 []


Underfull \hbox (badness 10000) in paragraph at lines 212--212
\OT1/cmr/m/n/6 Hz, V
 []


Underfull \hbox (badness 10000) in paragraph at lines 212--212
[]\OT1/cmr/bx/n/6 PI: \OT1/cmr/m/n/6 Con-trol the-
 []


Underfull \hbox (badness 5954) in paragraph at lines 212--212
\OT1/cmr/m/n/6 ory de-sign; \OT1/cmr/bx/n/6 UG1:
 []


Underfull \hbox (badness 10000) in paragraph at lines 212--212
\OT1/cmr/m/n/6 Net-work em-u-la-tion;
 []


Underfull \hbox (badness 2547) in paragraph at lines 212--212
\OT1/cmr/bx/n/6 UG2: \OT1/cmr/m/n/6 Packet loss
 []


Underfull \hbox (badness 1509) in paragraph at lines 214--214
[]\OT1/cmr/m/n/6 30% ADMM
 []


Underfull \hbox (badness 7238) in paragraph at lines 214--214
[]$\OMS/cmsy/m/n/6 ^^T$\OT1/cmr/m/n/6 20 it-er-
 []


Underfull \hbox (badness 2529) in paragraph at lines 214--214
\OT1/cmr/m/n/6 a-tions vs.
 []


Underfull \hbox (badness 4205) in paragraph at lines 214--214
[]\OT1/cmr/bx/n/6 PI: \OT1/cmr/m/n/6 GNN ar-chi-tec-
 []


Underfull \hbox (badness 1867) in paragraph at lines 214--214
\OT1/cmr/m/n/6 con-struc-tion; \OT1/cmr/bx/n/6 UG2:
 []


Underfull \hbox (badness 6268) in paragraph at lines 214--214
\OT1/cmr/m/n/6 ADMM in-te-gra-tion;
 []


Underfull \hbox (badness 1383) in paragraph at lines 214--214
\OT1/cmr/bx/n/6 UG3: \OT1/cmr/m/n/6 Con-ver-gence
 []


Underfull \hbox (badness 10000) in paragraph at lines 214--215
[]\OT1/cmr/m/n/6 Warm-start with
 []


Underfull \hbox (badness 10000) in paragraph at lines 214--215
\OT1/cmr/m/n/6 lin-ear ap-prox-i-ma-
 []


Underfull \hbox (badness 10000) in paragraph at lines 216--216
[]\OT1/cmr/m/n/6 Cross-Site
 []


Underfull \hbox (badness 10000) in paragraph at lines 216--216
[]\OT1/cmr/m/n/6 Transfer
 []


Underfull \hbox (badness 10000) in paragraph at lines 216--216
[]\OT1/cmr/m/n/6 Initial
 []


Underfull \hbox (badness 10000) in paragraph at lines 216--216
\OT1/cmr/m/n/6 20%
 []


Underfull \hbox (badness 10000) in paragraph at lines 216--216
\OT1/cmr/m/n/6 degra-da-
 []


Underfull \hbox (badness 1655) in paragraph at lines 216--216
[]\OT1/cmr/bx/n/6 PI: \OT1/cmr/m/n/6 Trans-fer pro-to-
 []


Underfull \hbox (badness 6978) in paragraph at lines 216--216
\OT1/cmr/m/n/6 cols; \OT1/cmr/bx/n/6 UG1: \OT1/cmr/m/n/6 Site
 []


Underfull \hbox (badness 2556) in paragraph at lines 216--216
\OT1/cmr/m/n/6 Site B de-ploy-ment;
 []


Underfull \hbox (badness 1472) in paragraph at lines 216--216
\OT1/cmr/bx/n/6 UG3: \OT1/cmr/m/n/6 Per-for-mance
 []


Underfull \hbox (badness 1648) in paragraph at lines 216--217
[]\OT1/cmr/m/n/6 Extend to 15 FL
 []


Underfull \hbox (badness 10000) in paragraph at lines 218--218
[]\OT1/cmr/m/n/6 Cybersecurity
 []


Underfull \hbox (badness 10000) in paragraph at lines 218--218
\OT1/cmr/m/n/6 pen-e-tra-tion
 []


Underfull \hbox (badness 3525) in paragraph at lines 218--218
\OT1/cmr/m/n/6 team sce-
 []


Underfull \hbox (badness 10000) in paragraph at lines 218--218
[]\OT1/cmr/bx/n/6 PI: \OT1/cmr/m/n/6 Se-cu-rity ar-
 []


Underfull \hbox (badness 10000) in paragraph at lines 218--218
\OT1/cmr/m/n/6 chi-tec-ture; \OT1/cmr/bx/n/6 UG1:
 []


Underfull \hbox (badness 10000) in paragraph at lines 218--218
\OT1/cmr/m/n/6 Threat mod-el-ing;
 []


Underfull \hbox (badness 4403) in paragraph at lines 218--218
\OT1/cmr/bx/n/6 UG2: \OT1/cmr/m/n/6 Pen-e-tra-tion
 []


Underfull \hbox (badness 10000) in paragraph at lines 218--219
[]\OT1/cmr/m/n/6 Implement ad-di-
 []


Underfull \hbox (badness 10000) in paragraph at lines 220--220
[]\OT1/cmr/m/n/6 100 nodes
 []


Underfull \hbox (badness 10000) in paragraph at lines 220--220
\OT1/cmr/m/n/6 + cross-
 []


Underfull \hbox (badness 10000) in paragraph at lines 220--220
[]$\OMS/cmsy/m/n/6 ^^T$\OT1/cmr/m/n/6 5%
 []


Underfull \hbox (badness 10000) in paragraph at lines 220--220
\OT1/cmr/m/n/6 scale,
 []


Underfull \hbox (badness 10000) in paragraph at lines 220--220
\OMS/cmsy/m/n/6 ^^T$\OT1/cmr/m/n/6 20%
 []


Underfull \hbox (badness 5203) in paragraph at lines 220--220
[]\OT1/cmr/bx/n/6 PI: \OT1/cmr/m/n/6 Scal-a-bil-ity de-
 []


Underfull \hbox (badness 10000) in paragraph at lines 220--221
[]\OT1/cmr/m/n/6 Hierarchical clus-
 []


Underfull \hbox (badness 10000) in paragraph at lines 222--222
[]\OT1/cmr/m/n/6 Field De-ploy-
 []


Underfull \hbox (badness 10000) in paragraph at lines 222--222
[]\OT1/cmr/m/n/6 Multi-site
 []


Underfull \hbox (badness 10000) in paragraph at lines 222--222
\OT1/cmr/m/n/6 op-er-a-tional
 []


Underfull \hbox (badness 10000) in paragraph at lines 222--222
[]$\OML/cmm/m/it/6 >$\OT1/cmr/m/n/6 99%
 []


Underfull \hbox (badness 10000) in paragraph at lines 222--222
\OT1/cmr/m/n/6 up-time 3
 []


Underfull \hbox (badness 7522) in paragraph at lines 222--222
[]\OT1/cmr/bx/n/6 PI: \OT1/cmr/m/n/6 Site co-or-di-na-
 []


Underfull \hbox (badness 2865) in paragraph at lines 222--223
[]\OT1/cmr/m/n/6 Reduce to single-
 []


Underfull \hbox (badness 10000) in paragraph at lines 224--224
[]\OT1/cmr/m/n/6 Technology
 []


Underfull \hbox (badness 10000) in paragraph at lines 224--224
[]\OT1/cmr/m/n/6 Open-source
 []


Underfull \hbox (badness 10000) in paragraph at lines 224--224
\OT1/cmr/m/n/6 re-lease +
 []


Underfull \hbox (badness 10000) in paragraph at lines 224--224
[]\OT1/cmr/m/n/6 5+ in-sti-
 []


Underfull \hbox (badness 10000) in paragraph at lines 224--224
\OT1/cmr/m/n/6 tu-tional
 []


Underfull \hbox (badness 10000) in paragraph at lines 224--224
[]\OT1/cmr/bx/n/6 PI: \OT1/cmr/m/n/6 In-dus-try out-
 []


Underfull \hbox (badness 10000) in paragraph at lines 224--224
\OT1/cmr/m/n/6 pack-ag-ing; \OT1/cmr/bx/n/6 UG2:
 []


Underfull \hbox (badness 10000) in paragraph at lines 224--224
\OT1/cmr/m/n/6 Doc-u-men-ta-tion;
 []


Underfull \hbox (badness 6412) in paragraph at lines 224--225
[]\OT1/cmr/m/n/6 Target 3+ adop-
 []

[13] [14]
Underfull \hbox (badness 10000) in paragraph at lines 236--236
[]\OT1/cmr/bx/n/10 Cost Com-po-
 []


Underfull \hbox (badness 10000) in paragraph at lines 236--236
[]\OT1/cmr/bx/n/10 Our Ap-
 []


Overfull \hbox (3.20923pt too wide) in paragraph at lines 236--236
[]\OT1/cmr/bx/n/10 Conventional| 
 []


Underfull \hbox (badness 10000) in paragraph at lines 236--236
[]\OT1/cmr/bx/n/10 Worst
 []


Underfull \hbox (badness 10000) in paragraph at lines 239--239
[]\OT1/cmr/m/n/10 Cloud Train-ing
 []


Underfull \hbox (badness 10000) in paragraph at lines 240--240
[]\OT1/cmr/m/n/10 Edge Hard-ware
 []


Underfull \hbox (badness 10000) in paragraph at lines 241--241
[]\OT1/cmr/m/n/10 Security/Pen
 []


Underfull \hbox (badness 10000) in paragraph at lines 243--243
[]\OT1/cmr/m/n/10 Staffing (FTE-
 []

[15]
Overfull \hbox (1.83731pt too wide) in paragraph at lines 260--261
[]\OT1/cmr/m/n/12 Each mile-stone in-cor-po-rates quan-ti-fied suc-cess met-ric
s with pre-de-ter-mined fall-back strate-
 []

[16] [17] [18] [19] [20]
Overfull \hbox (69.27553pt too wide) in paragraph at lines 322--323
[]\OT1/cmr/bx/n/12 Representativeness Cri-te-ria & Sam-pling Plan: \OT1/cmr/m/n
/12 Load di-ver-sity (res-i-den-tial/commercial/industrial
 []

[21] [22]
Overfull \hbox (17.18443pt too wide) in paragraph at lines 347--347
[]\OT1/cmr/bx/n/10 Responsible| 
 []


Overfull \hbox (19.3622pt too wide) in paragraph at lines 347--347
[]\OT1/cmr/bx/n/10 Accountable| 
 []


Overfull \hbox (8.01643pt too wide) in paragraph at lines 347--347
[]\OT1/cmr/bx/n/10 Consulted| 
 []


Underfull \hbox (badness 10000) in paragraph at lines 349--350
[]\OT1/cmr/m/n/10 Advisory
 []


Underfull \hbox (badness 6792) in paragraph at lines 350--350
[]\OT1/cmr/m/n/10 MARL Frame-
 []


Underfull \hbox (badness 10000) in paragraph at lines 352--352
[]\OT1/cmr/m/n/10 Field De-ploy-
 []


Underfull \hbox (badness 10000) in paragraph at lines 352--352
[]\OT1/cmr/m/n/10 Industry
 []


Underfull \hbox (badness 10000) in paragraph at lines 353--353
[]\OT1/cmr/m/n/10 Security
 []


Underfull \hbox (badness 10000) in paragraph at lines 353--354
[]\OT1/cmr/m/n/10 Advisory
 []


Underfull \hbox (badness 10000) in paragraph at lines 368--368
[]\OT1/cmr/bx/n/10 Detection
 []


Underfull \hbox (badness 10000) in paragraph at lines 370--370
[]\OT1/cmr/m/n/10 >5% ac-cu-racy
 []


Underfull \hbox (badness 10000) in paragraph at lines 370--370
\OT1/cmr/m/n/10 drop over 30
 []


Underfull \hbox (badness 7203) in paragraph at lines 370--371
[]\OT1/cmr/m/n/10 Automated re-
 []


Underfull \hbox (badness 10000) in paragraph at lines 371--371
[]\OT1/cmr/m/n/10 Protocol
 []


Underfull \hbox (badness 10000) in paragraph at lines 371--371
[]\OT1/cmr/m/n/10 Industry stan-
 []


Underfull \hbox (badness 10000) in paragraph at lines 371--372
[]\OT1/cmr/m/n/10 Modular com-
 []


Underfull \hbox (badness 10000) in paragraph at lines 371--372
\OT1/cmr/m/n/10 mu-ni-ca-tion
 []


Underfull \hbox (badness 10000) in paragraph at lines 372--372
[]\OT1/cmr/m/n/10 Supply
 []


Underfull \hbox (badness 10000) in paragraph at lines 372--372
\OT1/cmr/m/n/10 Chain De-
 []


Underfull \hbox (badness 10000) in paragraph at lines 372--373
[]\OT1/cmr/m/n/10 Pre-purchase
 []


Underfull \hbox (badness 4266) in paragraph at lines 372--373
\OT1/cmr/m/n/10 crit-i-cal com-po-
 []


Underfull \hbox (badness 10000) in paragraph at lines 373--373
[]\OT1/cmr/m/n/10 Student
 []


Underfull \hbox (badness 10000) in paragraph at lines 373--374
[]\OT1/cmr/m/n/10 Industry post-
 []


Underfull \hbox (badness 10000) in paragraph at lines 373--374
\OT1/cmr/m/n/10 doc part-ner-
 []


Underfull \hbox (badness 10000) in paragraph at lines 374--374
[]\OT1/cmr/m/n/10 Cyber At-
 []


Underfull \hbox (badness 10000) in paragraph at lines 374--374
[]\OT1/cmr/m/n/10 SIEM alert
 []


Underfull \hbox (badness 10000) in paragraph at lines 374--375
[]\OT1/cmr/m/n/10 Incident re-
 []


Underfull \hbox (badness 10000) in paragraph at lines 374--375
\OT1/cmr/m/n/10 sponse in <4
 []


Underfull \hbox (badness 10000) in paragraph at lines 375--375
[]\OT1/cmr/m/n/10 Hardware
 []


Underfull \hbox (badness 10000) in paragraph at lines 375--375
[]\OT1/cmr/m/n/10 End-of-life no-
 []


Underfull \hbox (badness 10000) in paragraph at lines 375--376
[]\OT1/cmr/m/n/10 Hardware ab-
 []


Underfull \hbox (badness 10000) in paragraph at lines 376--376
[]\OT1/cmr/m/n/10 Regulatory
 []


Underfull \hbox (badness 10000) in paragraph at lines 376--377
[]\OT1/cmr/m/n/10 Standards
 []


Underfull \hbox (badness 1881) in paragraph at lines 376--377
\OT1/cmr/m/n/10 com-mit-tee par-
 []


Underfull \hbox (badness 10000) in paragraph at lines 377--377
[]\OT1/cmr/m/n/10 Partner
 []


Underfull \hbox (badness 10000) in paragraph at lines 377--377
[]\OT1/cmr/m/n/10 Contract non-
 []


Underfull \hbox (badness 10000) in paragraph at lines 378--378
[]\OT1/cmr/m/n/10 Funding
 []


Underfull \hbox (badness 10000) in paragraph at lines 378--378
[]\OT1/cmr/m/n/10 20% bud-get
 []


Underfull \hbox (badness 10000) in paragraph at lines 378--379
[]\OT1/cmr/m/n/10 Milestone-gated
 []


Underfull \hbox (badness 10000) in paragraph at lines 379--379
[]\OT1/cmr/m/n/10 Intellectual
 []


Underfull \hbox (badness 10000) in paragraph at lines 379--380
[]\OT1/cmr/m/n/10 Freedom-to-
 []

[23] [24]
Overfull \hbox (9.5328pt too wide) in paragraph at lines 392--392
|[]\OT1/cmr/bx/n/14.4 Conclusion: Trans-for-ma-tional Im-pact for Amer-i-can En
-ergy Lead-
 []

[25]
Overfull \hbox (20.21489pt too wide) in paragraph at lines 408--409
[]\OT1/cmr/m/n/12 This ini-tia-tive rep-re-sents tech-no-log-i-cal ad-vance-men
t that cre-ates op-por-tu-ni-ties for widespread
 []


Overfull \hbox (2.17677pt too wide) in paragraph at lines 410--412
[]\OT1/cmr/bx/n/12 Standardized Met-rics & Sym-bols (Con-sis-tent Through-out):
 Per-for-mance Met-
 []

[26] (./main_CISE.bbl [27] [28] [29]) [30] (./main_CISE.aux)
 ***********
LaTeX2e <2023-11-01> patch level 1
L3 programming layer <2024-01-22>
 ***********
 ) 
Here is how much of TeX's memory you used:
 4755 strings out of 474222
 69310 string characters out of 5748734
 1951975 words of memory out of 5000000
 26952 multiletter control sequences out of 15000+600000
 569456 words of font info for 79 fonts, out of 8000000 for 9000
 1141 hyphenation exceptions out of 8191
 57i,10n,65p,1297b,295s stack positions out of 10000i,1000n,20000p,200000b,200000s
</usr/share/texlive/texmf-dist/fonts/type1/public/amsfonts/cm/cmbx10.pfb></us
r/share/texlive/texmf-dist/fonts/type1/public/amsfonts/cm/cmbx12.pfb></usr/shar
e/texlive/texmf-dist/fonts/type1/public/amsfonts/cm/cmbx6.pfb></usr/share/texli
ve/texmf-dist/fonts/type1/public/amsfonts/cm/cmex10.pfb></usr/share/texlive/tex
mf-dist/fonts/type1/public/amsfonts/cm/cmmi12.pfb></usr/share/texlive/texmf-dis
t/fonts/type1/public/amsfonts/cm/cmmi6.pfb></usr/share/texlive/texmf-dist/fonts
/type1/public/amsfonts/cm/cmmi8.pfb></usr/share/texlive/texmf-dist/fonts/type1/
public/amsfonts/cm/cmr10.pfb></usr/share/texlive/texmf-dist/fonts/type1/public/
amsfonts/cm/cmr12.pfb></usr/share/texlive/texmf-dist/fonts/type1/public/amsfont
s/cm/cmr5.pfb></usr/share/texlive/texmf-dist/fonts/type1/public/amsfonts/cm/cmr
6.pfb></usr/share/texlive/texmf-dist/fonts/type1/public/amsfonts/cm/cmr8.pfb></
usr/share/texlive/texmf-dist/fonts/type1/public/amsfonts/cm/cmsy10.pfb></usr/sh
are/texlive/texmf-dist/fonts/type1/public/amsfonts/cm/cmsy6.pfb></usr/share/tex
live/texmf-dist/fonts/type1/public/amsfonts/cm/cmsy8.pfb></usr/share/texlive/te
xmf-dist/fonts/type1/public/amsfonts/cm/cmti12.pfb></usr/share/texmf/fonts/type
1/public/cm-super/sfbx1000.pfb></usr/share/texmf/fonts/type1/public/cm-super/sf
rm1000.pfb></usr/share/texmf/fonts/type1/public/cm-super/sfrm1200.pfb>
Output written on main_CISE.pdf (30 pages, 361911 bytes).
PDF statistics:
 321 PDF objects out of 1000 (max. 8388607)
 138 compressed objects within 2 object streams
 0 named destinations out of 1000 (max. 500000)
 6 words of extra memory for PDF output out of 10000 (max. 10000000)

